<?xml version="1.0" encoding="UTF-8"?>
<!-- Generated by org.testng.reporters.JUnitReportReporter -->
<testsuite hostname="LAPTOP-8L0GRH4V" failures="0" tests="2" name="DME.Maven.AppiumTest" time="0.002" errors="0" timestamp="2020-11-19T23:31:32 EST" skipped="0">
  <testcase classname="DME.Maven.AppiumTest" name="NativeApAndroid" time="0.001"/>
  <system-out/>
  <testcase classname="DME.Maven.AppiumTest" name="IOSapps" time="0.001"/>
  <system-out/>
</testsuite> <!-- DME.Maven.AppiumTest -->
