<?xml version="1.0" encoding="UTF-8"?>
<!-- Generated by org.testng.reporters.JUnitReportReporter -->
<testsuite hostname="LAPTOP-8L0GRH4V" failures="0" tests="1" name="DME.Maven.SeleniumTest" time="0.008" errors="0" timestamp="2020-11-19T23:31:32 EST" skipped="0">
  <testcase classname="DME.Maven.SeleniumTest" name="BrowserAutomation" time="0.008"/>
  <system-out/>
</testsuite> <!-- DME.Maven.SeleniumTest -->
