<?xml version="1.0" encoding="UTF-8"?>
<!-- Generated by org.testng.reporters.JUnitReportReporter -->
<testsuite hostname="LAPTOP-8L0GRH4V" failures="0" tests="2" name="test.Logins1" time="0.007" errors="0" timestamp="2020-08-18T23:22:23 EDT" skipped="0">
  <testcase classname="test.Logins1" name="LoginAPI" time="0.006"/>
  <system-out/>
  <testcase classname="test.Logins1" name="WebLogin" time="0.001"/>
  <system-out/>
</testsuite> <!-- test.Logins1 -->
