<?xml version="1.0" encoding="UTF-8"?>
<!-- Generated by org.testng.reporters.JUnitReportReporter -->
<testsuite hostname="LAPTOP-8L0GRH4V" failures="0" tests="1" name="test.Logins2" time="0.001" errors="0" timestamp="2020-08-18T23:22:23 EDT" skipped="0">
  <testcase classname="test.Logins2" name="LoginAPI" time="0.001"/>
  <system-out/>
</testsuite> <!-- test.Logins2 -->
