<?xml version="1.0" encoding="UTF-8"?>
<!-- Generated by org.testng.reporters.JUnitReportReporter -->
<testsuite hostname="LAPTOP-8L0GRH4V" failures="0" tests="4" name="JavaStreams.ListOps" time="0.045" errors="0" timestamp="2020-09-28T22:55:07 EDT" skipped="0">
  <testcase classname="JavaStreams.ListOps" name="streamMap" time="0.023"/>
  <system-out/>
  <testcase classname="JavaStreams.ListOps" name="regular" time="0.010"/>
  <system-out/>
  <testcase classname="JavaStreams.ListOps" name="streamCollect" time="0.004"/>
  <system-out/>
  <testcase classname="JavaStreams.ListOps" name="streamFilter" time="0.008"/>
  <system-out/>
</testsuite> <!-- JavaStreams.ListOps -->
