<?xml version="1.0" encoding="UTF-8"?>
<!-- Generated by org.testng.reporters.JUnitReportReporter -->
<testsuite hostname="LAPTOP-8L0GRH4V" failures="0" tests="2" name="FullFramework.validateTitle" time="0.066" errors="0" timestamp="2020-12-02T23:13:06 EST" skipped="0">
  <testcase classname="FullFramework.validateTitle" name="validateAppTitle" time="0.037"/>
  <system-out/>
  <testcase classname="FullFramework.validateTitle" name="validateHeader" time="0.029"/>
  <system-out/>
</testsuite> <!-- FullFramework.validateTitle -->
