<?xml version="1.0" encoding="UTF-8"?>
<!-- Generated by org.testng.reporters.JUnitReportReporter -->
<testsuite hostname="LAPTOP-8L0GRH4V" failures="0" tests="2" name="Options.TestRunner" time="59.344" errors="0" timestamp="2020-12-13T22:26:08 EST" skipped="0">
  <testcase classname="Options.TestRunner" name="runScenario" time="28.938"/>
  <system-out/>
  <testcase classname="Options.TestRunner" name="runScenario" time="30.406"/>
  <system-out/>
</testsuite> <!-- Options.TestRunner -->
