<?xml version="1.0" encoding="UTF-8"?>
<!-- Generated by org.testng.reporters.JUnitReportReporter -->
<testsuite hostname="LAPTOP-8L0GRH4V" failures="0" tests="1" name="tests.LoginApp" time="13.956" errors="0" timestamp="2020-10-16T23:36:29 EDT" skipped="0">
  <testcase classname="tests.LoginApp" name="Login" time="13.956"/>
  <system-out/>
</testsuite> <!-- tests.LoginApp -->
