<?xml version="1.0" encoding="UTF-8"?>
<!-- Generated by org.testng.reporters.JUnitReportReporter -->
<testsuite hostname="LAPTOP-8L0GRH4V" failures="0" tests="2" name="FullFramework.HomePage" time="18.382" errors="0" timestamp="2020-12-13T22:34:41 EST" skipped="0">
  <testcase classname="FullFramework.HomePage" name="basePageNav" time="5.311"/>
  <system-out/>
  <testcase classname="FullFramework.HomePage" name="basePageNav" time="13.071"/>
  <system-out/>
</testsuite> <!-- FullFramework.HomePage -->
