<?xml version="1.0" encoding="UTF-8"?>
<!-- Generated by org.testng.reporters.JUnitReportReporter -->
<testsuite hostname="LAPTOP-8L0GRH4V" failures="0" tests="1" name="FullFramework.validateNav" time="0.078" errors="0" timestamp="2020-12-13T22:34:41 EST" skipped="0">
  <testcase classname="FullFramework.validateNav" name="basePageNav" time="0.078"/>
  <system-out/>
</testsuite> <!-- FullFramework.validateNav -->
