<?xml version="1.0" encoding="UTF-8"?>
<!-- Generated by org.testng.reporters.JUnitReportReporter -->
<testsuite hostname="LAPTOP-8L0GRH4V" failures="0" tests="2" name="DME.Maven.SeleniumTest" time="0.004" errors="0" timestamp="2020-08-23T23:11:48 EDT" skipped="0">
  <testcase classname="DME.Maven.SeleniumTest" name="BrowserAutomation" time="0.003"/>
  <system-out/>
  <testcase classname="DME.Maven.SeleniumTest" name="UIelements" time="0.001"/>
  <system-out/>
</testsuite> <!-- DME.Maven.SeleniumTest -->
