<?xml version="1.0" encoding="UTF-8"?>
<!-- Generated by org.testng.reporters.JUnitReportReporter -->
<testsuite hostname="LAPTOP-8L0GRH4V" failures="0" tests="2" name="DME.Maven.RestAPITest" time="0.000" errors="0" timestamp="2020-08-23T23:11:48 EDT" skipped="0">
  <testcase classname="DME.Maven.RestAPITest" name="deleteTwitter" time="0.000"/>
  <system-out/>
  <testcase classname="DME.Maven.RestAPITest" name="postJira" time="0.000"/>
  <system-out/>
</testsuite> <!-- DME.Maven.RestAPITest -->
