<?xml version="1.0" encoding="UTF-8"?>
<!-- Generated by org.testng.reporters.JUnitReportReporter -->
<testsuite hostname="LAPTOP-8L0GRH4V" failures="0" tests="1" name="DME.ExtentReports.ReportsDemo" time="6.783" errors="0" timestamp="2020-09-22T22:54:11 EDT" skipped="0">
  <testcase classname="DME.ExtentReports.ReportsDemo" name="initialDemo" time="6.783"/>
  <system-out/>
</testsuite> <!-- DME.ExtentReports.ReportsDemo -->
